0 info it worked if it ends with ok
1 verbose cli [ 'node', '/usr/local/bin/npm', 'install' ]
2 info using npm@1.4.28
3 info using node@v0.10.34
4 verbose readDependencies using package.json deps
5 verbose install where, deps [ '/Users/devfloater102/Desktop/node/MongoAlbum',
5 verbose install   [ 'express', 'async', 'mongodb' ] ]
6 info preinstall photo_sharing@0.1.0
7 verbose readDependencies using package.json deps
8 verbose cache add [ 'express@3.x', null ]
9 verbose cache add name=undefined spec="express@3.x" args=["express@3.x",null]
10 verbose parsed url { protocol: null,
10 verbose parsed url   slashes: null,
10 verbose parsed url   auth: null,
10 verbose parsed url   host: null,
10 verbose parsed url   port: null,
10 verbose parsed url   hostname: null,
10 verbose parsed url   hash: null,
10 verbose parsed url   search: null,
10 verbose parsed url   query: null,
10 verbose parsed url   pathname: 'express@3.x',
10 verbose parsed url   path: 'express@3.x',
10 verbose parsed url   href: 'express@3.x' }
11 verbose cache add [ 'async@0.x', null ]
12 verbose cache add name=undefined spec="async@0.x" args=["async@0.x",null]
13 verbose parsed url { protocol: null,
13 verbose parsed url   slashes: null,
13 verbose parsed url   auth: null,
13 verbose parsed url   host: null,
13 verbose parsed url   port: null,
13 verbose parsed url   hostname: null,
13 verbose parsed url   hash: null,
13 verbose parsed url   search: null,
13 verbose parsed url   query: null,
13 verbose parsed url   pathname: 'async@0.x',
13 verbose parsed url   path: 'async@0.x',
13 verbose parsed url   href: 'async@0.x' }
14 verbose cache add [ 'mongodb@1.2.x', null ]
15 verbose cache add name=undefined spec="mongodb@1.2.x" args=["mongodb@1.2.x",null]
16 verbose parsed url { protocol: null,
16 verbose parsed url   slashes: null,
16 verbose parsed url   auth: null,
16 verbose parsed url   host: null,
16 verbose parsed url   port: null,
16 verbose parsed url   hostname: null,
16 verbose parsed url   hash: null,
16 verbose parsed url   search: null,
16 verbose parsed url   query: null,
16 verbose parsed url   pathname: 'mongodb@1.2.x',
16 verbose parsed url   path: 'mongodb@1.2.x',
16 verbose parsed url   href: 'mongodb@1.2.x' }
17 verbose cache add name="express" spec="3.x" args=["express","3.x"]
18 verbose parsed url { protocol: null,
18 verbose parsed url   slashes: null,
18 verbose parsed url   auth: null,
18 verbose parsed url   host: null,
18 verbose parsed url   port: null,
18 verbose parsed url   hostname: null,
18 verbose parsed url   hash: null,
18 verbose parsed url   search: null,
18 verbose parsed url   query: null,
18 verbose parsed url   pathname: '3.x',
18 verbose parsed url   path: '3.x',
18 verbose parsed url   href: '3.x' }
19 verbose addNamed [ 'express', '3.x' ]
20 verbose addNamed [ null, '>=3.0.0-0 <4.0.0-0' ]
21 verbose cache add name="async" spec="0.x" args=["async","0.x"]
22 verbose parsed url { protocol: null,
22 verbose parsed url   slashes: null,
22 verbose parsed url   auth: null,
22 verbose parsed url   host: null,
22 verbose parsed url   port: null,
22 verbose parsed url   hostname: null,
22 verbose parsed url   hash: null,
22 verbose parsed url   search: null,
22 verbose parsed url   query: null,
22 verbose parsed url   pathname: '0.x',
22 verbose parsed url   path: '0.x',
22 verbose parsed url   href: '0.x' }
23 verbose addNamed [ 'async', '0.x' ]
24 verbose addNamed [ null, '>=0.0.0-0 <1.0.0-0' ]
25 verbose cache add name="mongodb" spec="1.2.x" args=["mongodb","1.2.x"]
26 verbose parsed url { protocol: null,
26 verbose parsed url   slashes: null,
26 verbose parsed url   auth: null,
26 verbose parsed url   host: null,
26 verbose parsed url   port: null,
26 verbose parsed url   hostname: null,
26 verbose parsed url   hash: null,
26 verbose parsed url   search: null,
26 verbose parsed url   query: null,
26 verbose parsed url   pathname: '1.2.x',
26 verbose parsed url   path: '1.2.x',
26 verbose parsed url   href: '1.2.x' }
27 verbose addNamed [ 'mongodb', '1.2.x' ]
28 verbose addNamed [ null, '>=1.2.0-0 <1.3.0-0' ]
29 silly lockFile 3a341b85-express-3-x express@3.x
30 verbose lock express@3.x /Users/devfloater102/.npm/3a341b85-express-3-x.lock
31 silly lockFile 49dc8934-async-0-x async@0.x
32 verbose lock async@0.x /Users/devfloater102/.npm/49dc8934-async-0-x.lock
33 silly lockFile 28aaccbf-mongodb-1-2-x mongodb@1.2.x
34 verbose lock mongodb@1.2.x /Users/devfloater102/.npm/28aaccbf-mongodb-1-2-x.lock
35 silly addNameRange { name: 'express', range: '>=3.0.0-0 <4.0.0-0', hasData: false }
36 silly addNameRange { name: 'async', range: '>=0.0.0-0 <1.0.0-0', hasData: false }
37 silly addNameRange { name: 'mongodb', range: '>=1.2.0-0 <1.3.0-0', hasData: false }
38 verbose request where is /async
39 verbose request registry https://registry.npmjs.org/
40 verbose request id 16d03c5e679f3a73
41 verbose url raw /async
42 verbose url resolving [ 'https://registry.npmjs.org/', './async' ]
43 verbose url resolved https://registry.npmjs.org/async
44 verbose request where is https://registry.npmjs.org/async
45 info trying registry request attempt 1 at 21:02:24
46 verbose etag "2D0AY61JFPZCIOW8H1RBZRG2V"
47 http GET https://registry.npmjs.org/async
48 verbose request where is /express
49 verbose request registry https://registry.npmjs.org/
50 verbose url raw /express
51 verbose url resolving [ 'https://registry.npmjs.org/', './express' ]
52 verbose url resolved https://registry.npmjs.org/express
53 verbose request where is https://registry.npmjs.org/express
54 info trying registry request attempt 1 at 21:02:24
55 verbose etag "4Z3Q8LIV2SPPVOI0ZQDH2HLA0"
56 http GET https://registry.npmjs.org/express
57 verbose request where is /mongodb
58 verbose request registry https://registry.npmjs.org/
59 verbose url raw /mongodb
60 verbose url resolving [ 'https://registry.npmjs.org/', './mongodb' ]
61 verbose url resolved https://registry.npmjs.org/mongodb
62 verbose request where is https://registry.npmjs.org/mongodb
63 info trying registry request attempt 1 at 21:02:24
64 verbose etag "EPZ153NSMDDRBWISEPKPWNPIL"
65 http GET https://registry.npmjs.org/mongodb
66 http 200 https://registry.npmjs.org/async
67 silly registry.get cb [ 200,
67 silly registry.get   { date: 'Mon, 22 Dec 2014 02:02:15 GMT',
67 silly registry.get     server: 'CouchDB/1.5.0 (Erlang OTP/R16B03)',
67 silly registry.get     etag: '"DZHJHZ4QLNQ9LLGCA95RSTN4B"',
67 silly registry.get     'content-type': 'application/json',
67 silly registry.get     'cache-control': 'max-age=60',
67 silly registry.get     'content-length': '106752',
67 silly registry.get     'accept-ranges': 'bytes',
67 silly registry.get     via: '1.1 varnish',
67 silly registry.get     age: '23',
67 silly registry.get     'x-served-by': 'cache-dfw1821-DFW',
67 silly registry.get     'x-cache': 'HIT',
67 silly registry.get     'x-cache-hits': '1',
67 silly registry.get     'x-timer': 'S1419213735.371359,VS0,VE0',
67 silly registry.get     vary: 'Accept',
67 silly registry.get     'keep-alive': 'timeout=10, max=50',
67 silly registry.get     connection: 'Keep-Alive' } ]
68 silly addNameRange number 2 { name: 'async', range: '>=0.0.0-0 <1.0.0-0', hasData: true }
69 silly addNameRange versions [ 'async',
69 silly addNameRange   [ '0.1.0',
69 silly addNameRange     '0.1.1',
69 silly addNameRange     '0.1.2',
69 silly addNameRange     '0.1.3',
69 silly addNameRange     '0.1.4',
69 silly addNameRange     '0.1.5',
69 silly addNameRange     '0.1.6',
69 silly addNameRange     '0.1.7',
69 silly addNameRange     '0.1.8',
69 silly addNameRange     '0.1.9',
69 silly addNameRange     '0.1.10',
69 silly addNameRange     '0.1.11',
69 silly addNameRange     '0.1.12',
69 silly addNameRange     '0.1.13',
69 silly addNameRange     '0.1.14',
69 silly addNameRange     '0.1.15',
69 silly addNameRange     '0.1.16',
69 silly addNameRange     '0.1.17',
69 silly addNameRange     '0.1.18',
69 silly addNameRange     '0.1.19',
69 silly addNameRange     '0.1.20',
69 silly addNameRange     '0.1.21',
69 silly addNameRange     '0.1.22',
69 silly addNameRange     '0.2.0',
69 silly addNameRange     '0.2.1',
69 silly addNameRange     '0.2.2',
69 silly addNameRange     '0.2.3',
69 silly addNameRange     '0.2.4',
69 silly addNameRange     '0.2.5',
69 silly addNameRange     '0.2.6',
69 silly addNameRange     '0.2.7',
69 silly addNameRange     '0.2.8',
69 silly addNameRange     '0.2.9',
69 silly addNameRange     '0.2.10',
69 silly addNameRange     '0.3.0',
69 silly addNameRange     '0.4.0',
69 silly addNameRange     '0.4.1',
69 silly addNameRange     '0.5.0',
69 silly addNameRange     '0.6.0',
69 silly addNameRange     '0.6.1',
69 silly addNameRange     '0.6.2',
69 silly addNameRange     '0.7.0',
69 silly addNameRange     '0.8.0',
69 silly addNameRange     '0.9.0' ] ]
70 verbose addNamed [ 'async', '0.9.0' ]
71 verbose addNamed [ '0.9.0', '0.9.0' ]
72 silly lockFile 9a58a886-async-0-9-0 async@0.9.0
73 verbose lock async@0.9.0 /Users/devfloater102/.npm/9a58a886-async-0-9-0.lock
74 silly lockFile 9a58a886-async-0-9-0 async@0.9.0
75 silly lockFile 9a58a886-async-0-9-0 async@0.9.0
76 silly lockFile 49dc8934-async-0-x async@0.x
77 silly lockFile 49dc8934-async-0-x async@0.x
78 http 200 https://registry.npmjs.org/express
79 silly registry.get cb [ 200,
79 silly registry.get   { date: 'Mon, 22 Dec 2014 02:02:15 GMT',
79 silly registry.get     server: 'CouchDB/1.5.0 (Erlang OTP/R16B03)',
79 silly registry.get     etag: '"SZ363JBCI15OHL1K9SDDTTGQ"',
79 silly registry.get     'content-type': 'application/json',
79 silly registry.get     'cache-control': 'max-age=60',
79 silly registry.get     'content-length': '444585',
79 silly registry.get     'accept-ranges': 'bytes',
79 silly registry.get     via: '1.1 varnish',
79 silly registry.get     age: '16',
79 silly registry.get     'x-served-by': 'cache-dfw1822-DFW',
79 silly registry.get     'x-cache': 'HIT',
79 silly registry.get     'x-cache-hits': '6',
79 silly registry.get     'x-timer': 'S1419213735.526100,VS0,VE0',
79 silly registry.get     vary: 'Accept',
79 silly registry.get     'keep-alive': 'timeout=10, max=50',
79 silly registry.get     connection: 'Keep-Alive' } ]
80 silly addNameRange number 2 { name: 'express', range: '>=3.0.0-0 <4.0.0-0', hasData: true }
81 silly addNameRange versions [ 'express',
81 silly addNameRange   [ '0.14.0',
81 silly addNameRange     '0.14.1',
81 silly addNameRange     '1.0.0',
81 silly addNameRange     '1.0.1',
81 silly addNameRange     '1.0.2',
81 silly addNameRange     '1.0.3',
81 silly addNameRange     '1.0.4',
81 silly addNameRange     '1.0.5',
81 silly addNameRange     '1.0.6',
81 silly addNameRange     '1.0.7',
81 silly addNameRange     '1.0.8',
81 silly addNameRange     '2.0.0',
81 silly addNameRange     '2.1.0',
81 silly addNameRange     '2.1.1',
81 silly addNameRange     '2.2.0',
81 silly addNameRange     '2.2.1',
81 silly addNameRange     '2.2.2',
81 silly addNameRange     '2.3.0',
81 silly addNameRange     '2.3.1',
81 silly addNameRange     '2.3.2',
81 silly addNameRange     '2.3.3',
81 silly addNameRange     '2.3.4',
81 silly addNameRange     '2.3.5',
81 silly addNameRange     '2.3.6',
81 silly addNameRange     '2.3.7',
81 silly addNameRange     '2.3.8',
81 silly addNameRange     '2.3.9',
81 silly addNameRange     '2.3.10',
81 silly addNameRange     '2.3.11',
81 silly addNameRange     '2.3.12',
81 silly addNameRange     '2.4.0',
81 silly addNameRange     '2.4.1',
81 silly addNameRange     '2.4.2',
81 silly addNameRange     '2.4.3',
81 silly addNameRange     '2.4.4',
81 silly addNameRange     '2.4.5',
81 silly addNameRange     '2.4.6',
81 silly addNameRange     '2.4.7',
81 silly addNameRange     '2.5.0',
81 silly addNameRange     '2.5.1',
81 silly addNameRange     '2.5.2',
81 silly addNameRange     '2.5.3',
81 silly addNameRange     '2.5.4',
81 silly addNameRange     '2.5.5',
81 silly addNameRange     '2.5.6',
81 silly addNameRange     '2.5.7',
81 silly addNameRange     '2.5.8',
81 silly addNameRange     '2.5.9',
81 silly addNameRange     '2.5.10',
81 silly addNameRange     '2.5.11',
81 silly addNameRange     '3.0.0',
81 silly addNameRange     '3.0.1',
81 silly addNameRange     '3.0.2',
81 silly addNameRange     '3.0.3',
81 silly addNameRange     '3.0.4',
81 silly addNameRange     '3.0.5',
81 silly addNameRange     '3.0.6',
81 silly addNameRange     '3.1.0',
81 silly addNameRange     '3.1.1',
81 silly addNameRange     '3.1.2',
81 silly addNameRange     '3.2.0',
81 silly addNameRange     '3.2.1',
81 silly addNameRange     '3.2.2',
81 silly addNameRange     '3.2.3',
81 silly addNameRange     '3.2.4',
81 silly addNameRange     '3.2.5',
81 silly addNameRange     '3.2.6',
81 silly addNameRange     '3.3.0',
81 silly addNameRange     '3.3.1',
81 silly addNameRange     '3.3.2',
81 silly addNameRange     '3.3.3',
81 silly addNameRange     '3.3.4',
81 silly addNameRange     '3.3.5',
81 silly addNameRange     '3.3.6',
81 silly addNameRange     '1.0.0-beta',
81 silly addNameRange     '1.0.0-beta2',
81 silly addNameRange     '1.0.0-rc',
81 silly addNameRange     '1.0.0-rc2',
81 silly addNameRange     '1.0.0-rc3',
81 silly addNameRange     '1.0.0-rc4',
81 silly addNameRange     '2.0.0-beta',
81 silly addNameRange     '2.0.0-beta2',
81 silly addNameRange     '2.0.0-beta3',
81 silly addNameRange     '2.0.0-rc',
81 silly addNameRange     '2.0.0-rc2',
81 silly addNameRange     '2.0.0-rc3',
81 silly addNameRange     '3.0.0-alpha1',
81 silly addNameRange     '3.0.0-alpha2',
81 silly addNameRange     '3.0.0-alpha3',
81 silly addNameRange     '3.0.0-alpha4',
81 silly addNameRange     '3.0.0-alpha5',
81 silly addNameRange     '3.0.0-beta1',
81 silly addNameRange     '3.0.0-beta2',
81 silly addNameRange     '3.0.0-beta3',
81 silly addNameRange     '3.0.0-beta4',
81 silly addNameRange     '3.0.0-beta6',
81 silly addNameRange     '3.0.0-beta7',
81 silly addNameRange     '3.0.0-rc1',
81 silly addNameRange     '3.0.0-rc2',
81 silly addNameRange     '3.0.0-rc3',
81 silly addNameRange     '3.0.0-rc4',
81 silly addNameRange     '3.0.0-rc5',
81 silly addNameRange     '3.3.7',
81 silly addNameRange     '3.3.8',
81 silly addNameRange     '3.4.0',
81 silly addNameRange     '3.4.1',
81 silly addNameRange     '3.4.2',
81 silly addNameRange     '3.4.3',
81 silly addNameRange     '3.4.4',
81 silly addNameRange     '3.4.5',
81 silly addNameRange     '3.4.6',
81 silly addNameRange     '3.4.7',
81 silly addNameRange     '3.4.8',
81 silly addNameRange     '4.0.0-rc1',
81 silly addNameRange     '4.0.0-rc2',
81 silly addNameRange     '3.5.0',
81 silly addNameRange     '4.0.0-rc3',
81 silly addNameRange     '4.0.0-rc4',
81 silly addNameRange     '3.5.1',
81 silly addNameRange     '4.0.0',
81 silly addNameRange     '3.5.2',
81 silly addNameRange     '4.1.0',
81 silly addNameRange     '4.1.1',
81 silly addNameRange     '3.5.3',
81 silly addNameRange     '4.1.2',
81 silly addNameRange     '3.6.0',
81 silly addNameRange     '4.2.0',
81 silly addNameRange     '3.7.0',
81 silly addNameRange     '3.8.0',
81 silly addNameRange     '4.3.0',
81 silly addNameRange     '4.3.1',
81 silly addNameRange     '3.8.1',
81 silly addNameRange     '4.3.2',
81 silly addNameRange     '3.9.0',
81 silly addNameRange     '4.4.0',
81 silly addNameRange     '4.4.1',
81 silly addNameRange     '3.10.0',
81 silly addNameRange     '3.10.1',
81 silly addNameRange     '3.10.2',
81 silly addNameRange     '3.10.3',
81 silly addNameRange     '3.10.4',
81 silly addNameRange     '4.4.2',
81 silly addNameRange     '3.10.5',
81 silly addNameRange     '4.4.3',
81 silly addNameRange     '3.11.0',
81 silly addNameRange     '4.4.4',
81 silly addNameRange     '3.12.0',
81 silly addNameRange     '3.12.1',
81 silly addNameRange     '4.4.5',
81 silly addNameRange     '3.13.0',
81 silly addNameRange     '4.5.0',
81 silly addNameRange     '4.5.1',
81 silly addNameRange     '3.14.0',
81 silly addNameRange     '4.6.0',
81 silly addNameRange     '4.6.1',
81 silly addNameRange     '3.15.0',
81 silly addNameRange     '4.7.0',
81 silly addNameRange     '3.15.1',
81 silly addNameRange     '4.7.1',
81 silly addNameRange     '3.15.2',
81 silly addNameRange     '4.7.2',
81 silly addNameRange     '4.7.3',
81 silly addNameRange     '3.15.3',
81 silly addNameRange     '4.7.4',
81 silly addNameRange     '3.16.0',
81 silly addNameRange     '4.8.0',
81 silly addNameRange     '3.16.1',
81 silly addNameRange     '4.8.1',
81 silly addNameRange     '3.16.2',
81 silly addNameRange     '4.8.2',
81 silly addNameRange     '3.16.3',
81 silly addNameRange     '3.16.4',
81 silly addNameRange     '4.8.3',
81 silly addNameRange     '3.16.5',
81 silly addNameRange     '3.16.6',
81 silly addNameRange     '4.8.4',
81 silly addNameRange     '3.16.7',
81 silly addNameRange     '4.8.5',
81 silly addNameRange     '3.16.8',
81 silly addNameRange     '4.8.6',
81 silly addNameRange     '3.16.9',
81 silly addNameRange     '4.8.7',
81 silly addNameRange     '3.16.10',
81 silly addNameRange     '4.8.8',
81 silly addNameRange     '3.17.0',
81 silly addNameRange     '3.17.1',
81 silly addNameRange     '4.9.0',
81 silly addNameRange     '3.17.2',
81 silly addNameRange     '4.9.1',
81 silly addNameRange     '4.9.2',
81 silly addNameRange     '3.17.3',
81 silly addNameRange     '4.9.3',
81 silly addNameRange     '3.17.4',
81 silly addNameRange     '4.9.4',
81 silly addNameRange     '3.17.5',
81 silly addNameRange     '4.9.5',
81 silly addNameRange     '3.17.6',
81 silly addNameRange     '3.17.7',
81 silly addNameRange     '4.9.6',
81 silly addNameRange     '4.9.7',
81 silly addNameRange     '3.17.8',
81 silly addNameRange     '4.9.8',
81 silly addNameRange     '3.18.0',
81 silly addNameRange     '3.18.1',
81 silly addNameRange     '4.10.0',
81 silly addNameRange     '3.18.2',
81 silly addNameRange     '4.10.1',
81 silly addNameRange     '5.0.0-alpha.1',
81 silly addNameRange     '3.18.3',
81 silly addNameRange     '4.10.2',
81 silly addNameRange     '3.18.4',
81 silly addNameRange     '4.10.3',
81 silly addNameRange     '4.10.4',
81 silly addNameRange     '4.10.5',
81 silly addNameRange     '3.18.5',
81 silly addNameRange     '3.18.6',
81 silly addNameRange     '4.10.6' ] ]
82 verbose addNamed [ 'express', '3.18.6' ]
83 verbose addNamed [ '3.18.6', '3.18.6' ]
84 silly lockFile e061ff94-express-3-18-6 express@3.18.6
85 verbose lock express@3.18.6 /Users/devfloater102/.npm/e061ff94-express-3-18-6.lock
86 silly lockFile e00782ed-s-org-express-express-3-18-6-tgz https://registry.npmjs.org/express/-/express-3.18.6.tgz
87 verbose lock https://registry.npmjs.org/express/-/express-3.18.6.tgz /Users/devfloater102/.npm/e00782ed-s-org-express-express-3-18-6-tgz.lock
88 verbose addRemoteTarball [ 'https://registry.npmjs.org/express/-/express-3.18.6.tgz',
88 verbose addRemoteTarball   'cbcc7cb610d061ac619e5d090a5539353a3e870b' ]
89 info retry fetch attempt 1 at 21:02:26
90 verbose fetch to= /var/folders/rm/hfqs841x5zx4g1cv4l41hpsc0000gp/T/npm-5137-wL8U-rqx/registry.npmjs.org/express/-/express-3.18.6.tgz
91 http GET https://registry.npmjs.org/express/-/express-3.18.6.tgz
92 http 200 https://registry.npmjs.org/mongodb
93 silly registry.get cb [ 200,
93 silly registry.get   { date: 'Mon, 22 Dec 2014 02:02:15 GMT',
93 silly registry.get     server: 'CouchDB/1.5.0 (Erlang OTP/R16B03)',
93 silly registry.get     etag: '"EUBG4MZ42QK887FLZPX2J4PA1"',
93 silly registry.get     'content-type': 'application/json',
93 silly registry.get     'cache-control': 'max-age=60',
93 silly registry.get     'content-length': '400648',
93 silly registry.get     'accept-ranges': 'bytes',
93 silly registry.get     via: '1.1 varnish',
93 silly registry.get     age: '16',
93 silly registry.get     'x-served-by': 'cache-dfw1829-DFW',
93 silly registry.get     'x-cache': 'HIT',
93 silly registry.get     'x-cache-hits': '1',
93 silly registry.get     'x-timer': 'S1419213735.593593,VS0,VE1',
93 silly registry.get     vary: 'Accept',
93 silly registry.get     'keep-alive': 'timeout=10, max=50',
93 silly registry.get     connection: 'Keep-Alive' } ]
94 silly addNameRange number 2 { name: 'mongodb', range: '>=1.2.0-0 <1.3.0-0', hasData: true }
95 silly addNameRange versions [ 'mongodb',
95 silly addNameRange   [ '0.9.4',
95 silly addNameRange     '0.9.4-4',
95 silly addNameRange     '0.9.3',
95 silly addNameRange     '0.9.1',
95 silly addNameRange     '0.9.2',
95 silly addNameRange     '0.9.6-7',
95 silly addNameRange     '0.9.6-8',
95 silly addNameRange     '0.9.6-9',
95 silly addNameRange     '0.9.6-10',
95 silly addNameRange     '0.9.6-11',
95 silly addNameRange     '0.9.6-12',
95 silly addNameRange     '0.9.6-13',
95 silly addNameRange     '0.9.6-14',
95 silly addNameRange     '0.9.6-15',
95 silly addNameRange     '0.9.6-16',
95 silly addNameRange     '0.9.6-17',
95 silly addNameRange     '0.9.6-18',
95 silly addNameRange     '0.9.6-19',
95 silly addNameRange     '0.9.6-20',
95 silly addNameRange     '0.9.6-21',
95 silly addNameRange     '0.9.6-22',
95 silly addNameRange     '0.9.6-23',
95 silly addNameRange     '0.9.7',
95 silly addNameRange     '0.9.7-0',
95 silly addNameRange     '0.9.7-1',
95 silly addNameRange     '0.9.7-1.1',
95 silly addNameRange     '0.9.7-1.2',
95 silly addNameRange     '0.9.7-1.3',
95 silly addNameRange     '0.9.7-1.4',
95 silly addNameRange     '0.9.7-2',
95 silly addNameRange     '0.9.7-2-1',
95 silly addNameRange     '0.9.7-2-2',
95 silly addNameRange     '0.9.7-2-3',
95 silly addNameRange     '0.9.7-2-4',
95 silly addNameRange     '0.9.7-2-5',
95 silly addNameRange     '0.9.7-3',
95 silly addNameRange     '0.9.7-3-1',
95 silly addNameRange     '0.9.7-3-2',
95 silly addNameRange     '0.9.7-3-3',
95 silly addNameRange     '0.9.7-3-4',
95 silly addNameRange     '0.9.7-3-5',
95 silly addNameRange     '0.9.8',
95 silly addNameRange     '0.9.8-1',
95 silly addNameRange     '0.9.8-2',
95 silly addNameRange     '0.9.8-3',
95 silly addNameRange     '0.9.8-4',
95 silly addNameRange     '0.9.8-5',
95 silly addNameRange     '0.9.8-6',
95 silly addNameRange     '0.9.8-7',
95 silly addNameRange     '0.9.9',
95 silly addNameRange     '0.9.9-1',
95 silly addNameRange     '0.9.9-2',
95 silly addNameRange     '0.9.9-3',
95 silly addNameRange     '0.9.9-4',
95 silly addNameRange     '0.9.9-5',
95 silly addNameRange     '0.9.9-6',
95 silly addNameRange     '0.9.9-7',
95 silly addNameRange     '0.9.9-8',
95 silly addNameRange     '1.0.0',
95 silly addNameRange     '1.0.1',
95 silly addNameRange     '1.0.2',
95 silly addNameRange     '1.1.0-beta',
95 silly addNameRange     '1.1.0',
95 silly addNameRange     '1.1.1',
95 silly addNameRange     '1.1.2',
95 silly addNameRange     '1.1.3',
95 silly addNameRange     '1.1.4',
95 silly addNameRange     '1.1.5',
95 silly addNameRange     '1.1.6',
95 silly addNameRange     '1.1.7',
95 silly addNameRange     '1.1.8',
95 silly addNameRange     '1.1.9',
95 silly addNameRange     '1.1.10',
95 silly addNameRange     '1.1.11',
95 silly addNameRange     '1.2.0',
95 silly addNameRange     '1.2.1',
95 silly addNameRange     '1.2.2',
95 silly addNameRange     '1.2.3',
95 silly addNameRange     '1.2.4',
95 silly addNameRange     '1.2.5',
95 silly addNameRange     '1.2.6',
95 silly addNameRange     '1.2.7',
95 silly addNameRange     '1.2.8',
95 silly addNameRange     '1.2.9',
95 silly addNameRange     '1.2.10',
95 silly addNameRange     '1.2.11',
95 silly addNameRange     '1.2.12',
95 silly addNameRange     '1.2.13',
95 silly addNameRange     '1.2.14',
95 silly addNameRange     '1.3.0',
95 silly addNameRange     '1.3.1',
95 silly addNameRange     '1.3.2',
95 silly addNameRange     '1.3.3',
95 silly addNameRange     '1.3.4',
95 silly addNameRange     '1.3.5',
95 silly addNameRange     '1.3.6',
95 silly addNameRange     '1.3.7',
95 silly addNameRange     '1.3.8',
95 silly addNameRange     '1.3.9',
95 silly addNameRange     '1.3.10',
95 silly addNameRange     '1.3.11',
95 silly addNameRange     '1.3.12',
95 silly addNameRange     '1.3.14',
95 silly addNameRange     '1.3.15',
95 silly addNameRange     '1.3.17',
95 silly addNameRange     '1.3.18',
95 silly addNameRange     '1.3.19',
95 silly addNameRange     '1.4.0-rc2',
95 silly addNameRange     '1.3.20',
95 silly addNameRange     '1.4.0-rc3',
95 silly addNameRange     '1.3.21',
95 silly addNameRange     '1.3.22',
95 silly addNameRange     '1.3.23',
95 silly addNameRange     '1.4.0-rc4',
95 silly addNameRange     '1.4.0-rc5',
95 silly addNameRange     '1.4.0-rc6',
95 silly addNameRange     '1.4.0-rc7',
95 silly addNameRange     '1.4.0-rc8',
95 silly addNameRange     '1.4.0-rc9',
95 silly addNameRange     '1.4.0-rc10',
95 silly addNameRange     '1.4.0',
95 silly addNameRange     '1.4.1',
95 silly addNameRange     '1.4.2',
95 silly addNameRange     '1.4.3',
95 silly addNameRange     '1.4.4',
95 silly addNameRange     '1.4.5',
95 silly addNameRange     '1.4.6',
95 silly addNameRange     '1.4.7',
95 silly addNameRange     '1.4.8',
95 silly addNameRange     '1.4.9',
95 silly addNameRange     '1.4.10',
95 silly addNameRange     '2.0.0-alpha1',
95 silly addNameRange     '1.4.11',
95 silly addNameRange     '1.4.12',
95 silly addNameRange     '1.4.14',
95 silly addNameRange     '1.4.15',
95 silly addNameRange     '1.4.16',
95 silly addNameRange     '1.4.17',
95 silly addNameRange     '2.0.0-alpha2',
95 silly addNameRange     '1.4.18',
95 silly addNameRange     '2.0.0',
95 silly addNameRange     '2.0.1',
95 silly addNameRange     '2.0.2',
95 silly addNameRange     '1.4.19',
95 silly addNameRange     '2.0.3',
95 silly addNameRange     '2.0.4',
95 silly addNameRange     '2.0.5',
95 silly addNameRange     '2.0.6',
95 silly addNameRange     '1.4.20',
95 silly addNameRange     '1.4.22',
95 silly addNameRange     '2.0.7',
95 silly addNameRange     '2.0.8',
95 silly addNameRange     '2.0.9',
95 silly addNameRange     '1.4.23',
95 silly addNameRange     '2.0.10',
95 silly addNameRange     '1.4.24',
95 silly addNameRange     '2.0.11',
95 silly addNameRange     '1.4.25' ] ]
96 verbose addNamed [ 'mongodb', '1.2.14' ]
97 verbose addNamed [ '1.2.14', '1.2.14' ]
98 silly lockFile 459abae1-mongodb-1-2-14 mongodb@1.2.14
99 verbose lock mongodb@1.2.14 /Users/devfloater102/.npm/459abae1-mongodb-1-2-14.lock
100 silly lockFile 459abae1-mongodb-1-2-14 mongodb@1.2.14
101 silly lockFile 459abae1-mongodb-1-2-14 mongodb@1.2.14
102 silly lockFile 28aaccbf-mongodb-1-2-x mongodb@1.2.x
103 silly lockFile 28aaccbf-mongodb-1-2-x mongodb@1.2.x
104 http 200 https://registry.npmjs.org/express/-/express-3.18.6.tgz
105 silly lockFile e00782ed-s-org-express-express-3-18-6-tgz https://registry.npmjs.org/express/-/express-3.18.6.tgz
106 silly lockFile e00782ed-s-org-express-express-3-18-6-tgz https://registry.npmjs.org/express/-/express-3.18.6.tgz
107 silly lockFile e061ff94-express-3-18-6 express@3.18.6
108 silly lockFile e061ff94-express-3-18-6 express@3.18.6
109 silly lockFile 3a341b85-express-3-x express@3.x
110 silly lockFile 3a341b85-express-3-x express@3.x
111 error Error: EACCES, mkdir '/Users/devfloater102/.npm/express/3.18.6'
111 error  { [Error: EACCES, mkdir '/Users/devfloater102/.npm/express/3.18.6']
111 error   errno: 3,
111 error   code: 'EACCES',
111 error   path: '/Users/devfloater102/.npm/express/3.18.6',
111 error   parent: 'photo_sharing' }
112 error Please try running this command again as root/Administrator.
113 error System Darwin 14.0.0
114 error command "node" "/usr/local/bin/npm" "install"
115 error cwd /Users/devfloater102/Desktop/node/MongoAlbum
116 error node -v v0.10.34
117 error npm -v 1.4.28
118 error path /Users/devfloater102/.npm/express/3.18.6
119 error code EACCES
120 error errno 3
121 error stack Error: EACCES, mkdir '/Users/devfloater102/.npm/express/3.18.6'
122 verbose exit [ 3, true ]
